0 info it worked if it ends with ok
1 verbose cli [ '/usr/bin/node',
1 verbose cli   '/usr/bin/npm',
1 verbose cli   'install',
1 verbose cli   'hexo-deployer-git',
1 verbose cli   '–save' ]
2 info using npm@3.5.2
3 info using node@v8.10.0
4 silly loadCurrentTree Starting
5 silly install loadCurrentTree
6 silly install readLocalPackageData
7 silly fetchPackageMetaData hexo-deployer-git@^2.0.0
8 silly fetchPackageMetaData –save
9 silly fetchNamedPackageData hexo-deployer-git
10 silly mapToRegistry name hexo-deployer-git
11 silly mapToRegistry using default registry
12 silly mapToRegistry registry https://registry.npmjs.org/
13 silly mapToRegistry uri https://registry.npmjs.org/hexo-deployer-git
14 silly fetchOtherPackageData –save
15 silly cache add args [ '–save', null ]
16 verbose cache add spec –save
17 verbose request uri https://registry.npmjs.org/hexo-deployer-git
18 verbose request no auth needed
19 info attempt registry request try #1 at 10:22:27 PM
20 verbose request id 66a0f970c7accb86
21 http request GET https://registry.npmjs.org/hexo-deployer-git
22 verbose stack TypeError: The header content contains invalid characters
22 verbose stack     at validateHeader (_http_outgoing.js:494:11)
22 verbose stack     at ClientRequest.setHeader (_http_outgoing.js:498:3)
22 verbose stack     at new ClientRequest (_http_client.js:173:14)
22 verbose stack     at Object.request (http.js:38:10)
22 verbose stack     at Object.request (https.js:239:15)
22 verbose stack     at Request.start (/usr/share/npm/node_modules/request/request.js:793:30)
22 verbose stack     at Request.end (/usr/share/npm/node_modules/request/request.js:1400:10)
22 verbose stack     at end (/usr/share/npm/node_modules/request/request.js:564:14)
22 verbose stack     at Immediate._onImmediate (/usr/share/npm/node_modules/request/request.js:578:7)
22 verbose stack     at runCallback (timers.js:794:20)
23 verbose cwd /home/sebastian/Documents/myBlogs
24 error Linux 5.0.0-36-generic
25 error argv "/usr/bin/node" "/usr/bin/npm" "install" "hexo-deployer-git" "–save"
26 error node v8.10.0
27 error npm  v3.5.2
28 error The header content contains invalid characters
29 error If you need help, you may report this error at:
29 error     <https://github.com/npm/npm/issues>
30 verbose exit [ 1, true ]
